This is pdfTeX, Version 3.141592653-2.6-1.40.27 (MiKTeX 25.3) (preloaded format=pdflatex 2025.3.28)  4 APR 2025 19:05
entering extended mode
 restricted \write18 enabled.
 file:line:error style messages enabled.
 %&-line parsing enabled.
**g:/Latex/A2/A2.tex
(g:/Latex/A2/A2.tex
LaTeX2e <2024-11-01> patch level 2
L3 programming layer <2025-01-18>
(C:\Users\MSI\AppData\Local\Programs\MiKTeX\tex/latex/base\article.cls
Document Class: article 2024/06/29 v1.4n Standard LaTeX document class
(C:\Users\MSI\AppData\Local\Programs\MiKTeX\tex/latex/base\size12.clo
File: size12.clo 2024/06/29 v1.4n Standard LaTeX file (size option)
)
\c@part=\count196
\c@section=\count197
\c@subsection=\count198
\c@subsubsection=\count199
\c@paragraph=\count266
\c@subparagraph=\count267
\c@figure=\count268
\c@table=\count269
\abovecaptionskip=\skip49
\belowcaptionskip=\skip50
\bibindent=\dimen141
) (C:\Users\MSI\AppData\Local\Programs\MiKTeX\tex/latex/graphics\graphicx.sty
Package: graphicx 2021/09/16 v1.2d Enhanced LaTeX Graphics (DPC,SPQR)
 (C:\Users\MSI\AppData\Local\Programs\MiKTeX\tex/latex/graphics\keyval.sty
Package: keyval 2022/05/29 v1.15 key=value parser (DPC)
\KV@toks@=\toks17
) (C:\Users\MSI\AppData\Local\Programs\MiKTeX\tex/latex/graphics\graphics.sty
Package: graphics 2024/08/06 v1.4g Standard LaTeX Graphics (DPC,SPQR)
 (C:\Users\MSI\AppData\Local\Programs\MiKTeX\tex/latex/graphics\trig.sty
Package: trig 2023/12/02 v1.11 sin cos tan (DPC)
) (C:\Users\MSI\AppData\Local\Programs\MiKTeX\tex/latex/graphics-cfg\graphics.cfg
File: graphics.cfg 2016/06/04 v1.11 sample graphics configuration
)
Package graphics Info: Driver file: pdftex.def on input line 106.
 (C:\Users\MSI\AppData\Local\Programs\MiKTeX\tex/latex/graphics-def\pdftex.def
File: pdftex.def 2024/04/13 v1.2c Graphics/color driver for pdftex
))
\Gin@req@height=\dimen142
\Gin@req@width=\dimen143
) (C:\Users\MSI\AppData\Local\Programs\MiKTeX\tex/latex/listings\listings.sty
\lst@mode=\count270
\lst@gtempboxa=\box52
\lst@token=\toks18
\lst@length=\count271
\lst@currlwidth=\dimen144
\lst@column=\count272
\lst@pos=\count273
\lst@lostspace=\dimen145
\lst@width=\dimen146
\lst@newlines=\count274
\lst@lineno=\count275
\lst@maxwidth=\dimen147
 (C:\Users\MSI\AppData\Local\Programs\MiKTeX\tex/latex/listings\lstpatch.sty
File: lstpatch.sty 2024/09/23 1.10c (Carsten Heinz)
) (C:\Users\MSI\AppData\Local\Programs\MiKTeX\tex/latex/listings\lstmisc.sty
File: lstmisc.sty 2024/09/23 1.10c (Carsten Heinz)
\c@lstnumber=\count276
\lst@skipnumbers=\count277
\lst@framebox=\box53
) (C:\Users\MSI\AppData\Local\Programs\MiKTeX\tex/latex/listings\listings.cfg
File: listings.cfg 2024/09/23 1.10c listings configuration
))
Package: listings 2024/09/23 1.10c (Carsten Heinz)
 (C:\Users\MSI\AppData\Local\Programs\MiKTeX\tex/latex/xcolor\xcolor.sty
Package: xcolor 2024/09/29 v3.02 LaTeX color extensions (UK)
 (C:\Users\MSI\AppData\Local\Programs\MiKTeX\tex/latex/graphics-cfg\color.cfg
File: color.cfg 2016/01/02 v1.6 sample color configuration
)
Package xcolor Info: Driver file: pdftex.def on input line 274.
 (C:\Users\MSI\AppData\Local\Programs\MiKTeX\tex/latex/graphics\mathcolor.ltx)
Package xcolor Info: Model `cmy' substituted by `cmy0' on input line 1349.
Package xcolor Info: Model `hsb' substituted by `rgb' on input line 1353.
Package xcolor Info: Model `RGB' extended on input line 1365.
Package xcolor Info: Model `HTML' substituted by `rgb' on input line 1367.
Package xcolor Info: Model `Hsb' substituted by `hsb' on input line 1368.
Package xcolor Info: Model `tHsb' substituted by `hsb' on input line 1369.
Package xcolor Info: Model `HSB' substituted by `hsb' on input line 1370.
Package xcolor Info: Model `Gray' substituted by `gray' on input line 1371.
Package xcolor Info: Model `wave' substituted by `hsb' on input line 1372.
) (C:\Users\MSI\AppData\Local\Programs\MiKTeX\tex/latex/base\fontenc.sty
Package: fontenc 2021/04/29 v2.0v Standard LaTeX package
) (C:\Users\MSI\AppData\Local\Programs\MiKTeX\tex/latex/amsmath\amsmath.sty
Package: amsmath 2024/11/05 v2.17t AMS math features
\@mathmargin=\skip51

For additional information on amsmath, use the `?' option.
(C:\Users\MSI\AppData\Local\Programs\MiKTeX\tex/latex/amsmath\amstext.sty
Package: amstext 2021/08/26 v2.01 AMS text
 (C:\Users\MSI\AppData\Local\Programs\MiKTeX\tex/latex/amsmath\amsgen.sty
File: amsgen.sty 1999/11/30 v2.0 generic functions
\@emptytoks=\toks19
\ex@=\dimen148
)) (C:\Users\MSI\AppData\Local\Programs\MiKTeX\tex/latex/amsmath\amsbsy.sty
Package: amsbsy 1999/11/29 v1.2d Bold Symbols
\pmbraise@=\dimen149
) (C:\Users\MSI\AppData\Local\Programs\MiKTeX\tex/latex/amsmath\amsopn.sty
Package: amsopn 2022/04/08 v2.04 operator names
)
\inf@bad=\count278
LaTeX Info: Redefining \frac on input line 233.
\uproot@=\count279
\leftroot@=\count280
LaTeX Info: Redefining \overline on input line 398.
LaTeX Info: Redefining \colon on input line 409.
\classnum@=\count281
\DOTSCASE@=\count282
LaTeX Info: Redefining \ldots on input line 495.
LaTeX Info: Redefining \dots on input line 498.
LaTeX Info: Redefining \cdots on input line 619.
\Mathstrutbox@=\box54
\strutbox@=\box55
LaTeX Info: Redefining \big on input line 721.
LaTeX Info: Redefining \Big on input line 722.
LaTeX Info: Redefining \bigg on input line 723.
LaTeX Info: Redefining \Bigg on input line 724.
\big@size=\dimen150
LaTeX Font Info:    Redeclaring font encoding OML on input line 742.
LaTeX Font Info:    Redeclaring font encoding OMS on input line 743.
\macc@depth=\count283
LaTeX Info: Redefining \bmod on input line 904.
LaTeX Info: Redefining \pmod on input line 909.
LaTeX Info: Redefining \smash on input line 939.
LaTeX Info: Redefining \relbar on input line 969.
LaTeX Info: Redefining \Relbar on input line 970.
\c@MaxMatrixCols=\count284
\dotsspace@=\muskip17
\c@parentequation=\count285
\dspbrk@lvl=\count286
\tag@help=\toks20
\row@=\count287
\column@=\count288
\maxfields@=\count289
\andhelp@=\toks21
\eqnshift@=\dimen151
\alignsep@=\dimen152
\tagshift@=\dimen153
\tagwidth@=\dimen154
\totwidth@=\dimen155
\lineht@=\dimen156
\@envbody=\toks22
\multlinegap=\skip52
\multlinetaggap=\skip53
\mathdisplay@stack=\toks23
LaTeX Info: Redefining \[ on input line 2953.
LaTeX Info: Redefining \] on input line 2954.
) (C:\Users\MSI\AppData\Local\Programs\MiKTeX\tex/latex/caption\subcaption.sty
Package: subcaption 2023/07/28 v1.6b Sub-captions (AR)
 (C:\Users\MSI\AppData\Local\Programs\MiKTeX\tex/latex/caption\caption.sty
Package: caption 2023/08/05 v3.6o Customizing captions (AR)
 (C:\Users\MSI\AppData\Local\Programs\MiKTeX\tex/latex/caption\caption3.sty
Package: caption3 2023/07/31 v2.4d caption3 kernel (AR)
\caption@tempdima=\dimen157
\captionmargin=\dimen158
\caption@leftmargin=\dimen159
\caption@rightmargin=\dimen160
\caption@width=\dimen161
\caption@indent=\dimen162
\caption@parindent=\dimen163
\caption@hangindent=\dimen164
Package caption Info: Standard document class detected.
)
\c@caption@flags=\count290
\c@continuedfloat=\count291
Package caption Info: listings package is loaded.
)
Package caption Info: New subtype `subfigure' on input line 238.
\c@subfigure=\count292
Package caption Info: New subtype `subtable' on input line 238.
\c@subtable=\count293
) (C:\Users\MSI\AppData\Local\Programs\MiKTeX\tex/latex/float\float.sty
Package: float 2001/11/08 v1.3d Float enhancements (AL)
\c@float@type=\count294
\float@exts=\toks24
\float@box=\box56
\@float@everytoks=\toks25
\@floatcapt=\box57
) (C:\Users\MSI\AppData\Local\Programs\MiKTeX\tex/latex/hyperref\hyperref.sty
Package: hyperref 2024-11-05 v7.01l Hypertext links for LaTeX
 (C:\Users\MSI\AppData\Local\Programs\MiKTeX\tex/generic/iftex\iftex.sty
Package: iftex 2024/12/12 v1.0g TeX engine tests
) (C:\Users\MSI\AppData\Local\Programs\MiKTeX\tex/latex/kvsetkeys\kvsetkeys.sty
Package: kvsetkeys 2022-10-05 v1.19 Key value parser (HO)
) (C:\Users\MSI\AppData\Local\Programs\MiKTeX\tex/generic/kvdefinekeys\kvdefinekeys.sty
Package: kvdefinekeys 2019-12-19 v1.6 Define keys (HO)
) (C:\Users\MSI\AppData\Local\Programs\MiKTeX\tex/generic/pdfescape\pdfescape.sty
Package: pdfescape 2019/12/09 v1.15 Implements pdfTeX's escape features (HO)
 (C:\Users\MSI\AppData\Local\Programs\MiKTeX\tex/generic/ltxcmds\ltxcmds.sty
Package: ltxcmds 2023-12-04 v1.26 LaTeX kernel commands for general use (HO)
) (C:\Users\MSI\AppData\Local\Programs\MiKTeX\tex/generic/pdftexcmds\pdftexcmds.sty
Package: pdftexcmds 2020-06-27 v0.33 Utility functions of pdfTeX for LuaTeX (HO)
 (C:\Users\MSI\AppData\Local\Programs\MiKTeX\tex/generic/infwarerr\infwarerr.sty
Package: infwarerr 2019/12/03 v1.5 Providing info/warning/error messages (HO)
)
Package pdftexcmds Info: \pdf@primitive is available.
Package pdftexcmds Info: \pdf@ifprimitive is available.
Package pdftexcmds Info: \pdfdraftmode found.
)) (C:\Users\MSI\AppData\Local\Programs\MiKTeX\tex/latex/hycolor\hycolor.sty
Package: hycolor 2020-01-27 v1.10 Color options for hyperref/bookmark (HO)
) (C:\Users\MSI\AppData\Local\Programs\MiKTeX\tex/latex/hyperref\nameref.sty
Package: nameref 2023-11-26 v2.56 Cross-referencing by name of section
 (C:\Users\MSI\AppData\Local\Programs\MiKTeX\tex/latex/refcount\refcount.sty
Package: refcount 2019/12/15 v3.6 Data extraction from label references (HO)
) (C:\Users\MSI\AppData\Local\Programs\MiKTeX\tex/generic/gettitlestring\gettitlestring.sty
Package: gettitlestring 2019/12/15 v1.6 Cleanup title references (HO)
 (C:\Users\MSI\AppData\Local\Programs\MiKTeX\tex/latex/kvoptions\kvoptions.sty
Package: kvoptions 2022-06-15 v3.15 Key value format for package options (HO)
))
\c@section@level=\count295
) (C:\Users\MSI\AppData\Local\Programs\MiKTeX\tex/latex/etoolbox\etoolbox.sty
Package: etoolbox 2025/02/11 v2.5l e-TeX tools for LaTeX (JAW)
\etb@tempcnta=\count296
) (C:\Users\MSI\AppData\Local\Programs\MiKTeX\tex/generic/stringenc\stringenc.sty
Package: stringenc 2019/11/29 v1.12 Convert strings between diff. encodings (HO)
)
\@linkdim=\dimen165
\Hy@linkcounter=\count297
\Hy@pagecounter=\count298
 (C:\Users\MSI\AppData\Local\Programs\MiKTeX\tex/latex/hyperref\pd1enc.def
File: pd1enc.def 2024-11-05 v7.01l Hyperref: PDFDocEncoding definition (HO)
Now handling font encoding PD1 ...
... no UTF-8 mapping file for font encoding PD1
) (C:\Users\MSI\AppData\Local\Programs\MiKTeX\tex/generic/intcalc\intcalc.sty
Package: intcalc 2019/12/15 v1.3 Expandable calculations with integers (HO)
)
\Hy@SavedSpaceFactor=\count299
 (C:\Users\MSI\AppData\Local\Programs\MiKTeX\tex/latex/hyperref\puenc.def
File: puenc.def 2024-11-05 v7.01l Hyperref: PDF Unicode definition (HO)
Now handling font encoding PU ...
... no UTF-8 mapping file for font encoding PU
)
Package hyperref Info: Option `colorlinks' set `true' on input line 4040.
Package hyperref Info: Hyper figures OFF on input line 4157.
Package hyperref Info: Link nesting OFF on input line 4162.
Package hyperref Info: Hyper index ON on input line 4165.
Package hyperref Info: Plain pages OFF on input line 4172.
Package hyperref Info: Backreferencing OFF on input line 4177.
Package hyperref Info: Implicit mode ON; LaTeX internals redefined.
Package hyperref Info: Bookmarks ON on input line 4424.
\c@Hy@tempcnt=\count300
 (C:\Users\MSI\AppData\Local\Programs\MiKTeX\tex/latex/url\url.sty
\Urlmuskip=\muskip18
Package: url 2013/09/16  ver 3.4  Verb mode for urls, etc.
)
LaTeX Info: Redefining \url on input line 4763.
\XeTeXLinkMargin=\dimen166
 (C:\Users\MSI\AppData\Local\Programs\MiKTeX\tex/generic/bitset\bitset.sty
Package: bitset 2019/12/09 v1.3 Handle bit-vector datatype (HO)
 (C:\Users\MSI\AppData\Local\Programs\MiKTeX\tex/generic/bigintcalc\bigintcalc.sty
Package: bigintcalc 2019/12/15 v1.5 Expandable calculations on big integers (HO)
))
\Fld@menulength=\count301
\Field@Width=\dimen167
\Fld@charsize=\dimen168
Package hyperref Info: Hyper figures OFF on input line 6042.
Package hyperref Info: Link nesting OFF on input line 6047.
Package hyperref Info: Hyper index ON on input line 6050.
Package hyperref Info: backreferencing OFF on input line 6057.
Package hyperref Info: Link coloring ON on input line 6060.
Package hyperref Info: Link coloring with OCG OFF on input line 6067.
Package hyperref Info: PDF/A mode OFF on input line 6072.
 (C:\Users\MSI\AppData\Local\Programs\MiKTeX\tex/latex/base\atbegshi-ltx.sty
Package: atbegshi-ltx 2021/01/10 v1.0c Emulation of the original atbegshi
package with kernel methods
)
\Hy@abspage=\count302
\c@Item=\count303
\c@Hfootnote=\count304
)
Package hyperref Info: Driver (autodetected): hpdftex.
 (C:\Users\MSI\AppData\Local\Programs\MiKTeX\tex/latex/hyperref\hpdftex.def
File: hpdftex.def 2024-11-05 v7.01l Hyperref driver for pdfTeX
 (C:\Users\MSI\AppData\Local\Programs\MiKTeX\tex/latex/base\atveryend-ltx.sty
Package: atveryend-ltx 2020/08/19 v1.0a Emulation of the original atveryend package
with kernel methods
)
\Fld@listcount=\count305
\c@bookmark@seq@number=\count306
 (C:\Users\MSI\AppData\Local\Programs\MiKTeX\tex/latex/rerunfilecheck\rerunfilecheck.sty
Package: rerunfilecheck 2022-07-10 v1.10 Rerun checks for auxiliary files (HO)
 (C:\Users\MSI\AppData\Local\Programs\MiKTeX\tex/generic/uniquecounter\uniquecounter.sty
Package: uniquecounter 2019/12/15 v1.4 Provide unlimited unique counter (HO)
)
Package uniquecounter Info: New unique counter `rerunfilecheck' on input line 285.
)
\Hy@SectionHShift=\skip54
) (C:\Users\MSI\AppData\Local\Programs\MiKTeX\tex/latex/l3backend\l3backend-pdftex.def
File: l3backend-pdftex.def 2024-05-08 L3 backend support: PDF output (pdfTeX)
\l__color_backend_stack_int=\count307
\l__pdf_internal_box=\box58
) (A2.aux)
\openout1 = `A2.aux'.

LaTeX Font Info:    Checking defaults for OML/cmm/m/it on input line 35.
LaTeX Font Info:    ... okay on input line 35.
LaTeX Font Info:    Checking defaults for OMS/cmsy/m/n on input line 35.
LaTeX Font Info:    ... okay on input line 35.
LaTeX Font Info:    Checking defaults for OT1/cmr/m/n on input line 35.
LaTeX Font Info:    ... okay on input line 35.
LaTeX Font Info:    Checking defaults for T1/cmr/m/n on input line 35.
LaTeX Font Info:    ... okay on input line 35.
LaTeX Font Info:    Checking defaults for TS1/cmr/m/n on input line 35.
LaTeX Font Info:    ... okay on input line 35.
LaTeX Font Info:    Checking defaults for OMX/cmex/m/n on input line 35.
LaTeX Font Info:    ... okay on input line 35.
LaTeX Font Info:    Checking defaults for U/cmr/m/n on input line 35.
LaTeX Font Info:    ... okay on input line 35.
LaTeX Font Info:    Checking defaults for PD1/pdf/m/n on input line 35.
LaTeX Font Info:    ... okay on input line 35.
LaTeX Font Info:    Checking defaults for PU/pdf/m/n on input line 35.
LaTeX Font Info:    ... okay on input line 35.
 (C:\Users\MSI\AppData\Local\Programs\MiKTeX\tex/context/base/mkii\supp-pdf.mkii
[Loading MPS to PDF converter (version 2006.09.02).]
\scratchcounter=\count308
\scratchdimen=\dimen169
\scratchbox=\box59
\nofMPsegments=\count309
\nofMParguments=\count310
\everyMPshowfont=\toks26
\MPscratchCnt=\count311
\MPscratchDim=\dimen170
\MPnumerator=\count312
\makeMPintoPDFobject=\count313
\everyMPtoPDFconversion=\toks27
) (C:\Users\MSI\AppData\Local\Programs\MiKTeX\tex/latex/epstopdf-pkg\epstopdf-base.sty
Package: epstopdf-base 2020-01-24 v2.11 Base part for package epstopdf
Package epstopdf-base Info: Redefining graphics rule for `.eps' on input line 485.
 (C:\Users\MSI\AppData\Local\Programs\MiKTeX\tex/latex/00miktex\epstopdf-sys.cfg
File: epstopdf-sys.cfg 2021/03/18 v2.0 Configuration of epstopdf for MiKTeX
))
\c@lstlisting=\count314
Package caption Info: Begin \AtBeginDocument code.
Package caption Info: float package is loaded.
Package caption Info: hyperref package is loaded.
Package caption Info: End \AtBeginDocument code.
Package hyperref Info: Link coloring ON on input line 35.
 (A2.out) (A2.out)
\@outlinefile=\write3
\openout3 = `A2.out'.

 (A2.toc

[1

{C:/Users/MSI/AppData/Local/MiKTeX/fonts/map/pdftex/pdftex.map}])
\tf@toc=\write4
\openout4 = `A2.toc'.

 (A2.lof

[2])
\tf@lof=\write5
\openout5 = `A2.lof'.



[3]
Overfull \hbox (11.19487pt too wide) in paragraph at lines 73--74
[]\T1/cmr/bx/n/12 C (Reg-u-lar-iza-tion pa-ram-e-ter): \T1/cmr/m/n/12 Con-trols the trade-off be-tween achiev-
 []



[4]

[5]

[6]

[7] (C:\Users\MSI\AppData\Local\Programs\MiKTeX\tex/latex/listings\lstlang1.sty
File: lstlang1.sty 2024/09/23 1.10c listings language file
)

[8]

[9]

[10]
Overfull \hbox (42.14447pt too wide) in paragraph at lines 421--421
[]\T1/cmtt/m/n/12 :Number of Attributes: 30 numeric, predictive attributes and the class[] 
 []


Overfull \hbox (48.31796pt too wide) in paragraph at lines 421--421
[]    \T1/cmtt/m/n/12 - radius (mean of distances from center to points on the perimeter)[] 
 []


Overfull \hbox (5.10352pt too wide) in paragraph at lines 421--421
[]    \T1/cmtt/m/n/12 - concave points (number of concave portions of the contour)[] 
 []


Overfull \hbox (48.31796pt too wide) in paragraph at lines 421--421
[]    \T1/cmtt/m/n/12 The mean, standard error, and "worst" or largest (mean of the three[] 
 []


Overfull \hbox (60.66495pt too wide) in paragraph at lines 421--421
[]    \T1/cmtt/m/n/12 worst/largest values) of these features were computed for each image,[] 
 []


Overfull \hbox (66.83844pt too wide) in paragraph at lines 421--421
[]    \T1/cmtt/m/n/12 resulting in 30 features.  For instance, field 0 is Mean Radius, field[] 
 []



[11]
Overfull \hbox (42.14447pt too wide) in paragraph at lines 421--421
[]\T1/cmtt/m/n/12 :Creator:  Dr. William H. Wolberg, W. Nick Street, Olvi L. Mangasarian[] 
 []


Overfull \hbox (48.31796pt too wide) in paragraph at lines 421--421
[]\T1/cmtt/m/n/12 This is a copy of UCI ML Breast Cancer Wisconsin (Diagnostic) datasets.[] 
 []



[12]
Overfull \hbox (91.53241pt too wide) in paragraph at lines 421--421
[]  \T1/cmtt/m/n/12 - W.N. Street, W.H. Wolberg and O.L. Mangasarian. Nuclear feature extraction[] 
 []


Overfull \hbox (60.66495pt too wide) in paragraph at lines 421--421
[]    \T1/cmtt/m/n/12 for breast tumor diagnosis. IS&T/SPIE 1993 International Symposium on[] 
 []


Overfull \hbox (73.01193pt too wide) in paragraph at lines 421--421
[]    \T1/cmtt/m/n/12 Electronic Imaging: Science and Technology, volume 1905, pages 861-870,[] 
 []


Overfull \hbox (97.7059pt too wide) in paragraph at lines 421--421
[]  \T1/cmtt/m/n/12 - O.L. Mangasarian, W.N. Street and W.H. Wolberg. Breast cancer diagnosis and[] 
 []


Overfull \hbox (103.8794pt too wide) in paragraph at lines 421--421
[]    \T1/cmtt/m/n/12 prognosis via linear programming. Operations Research, 43(4), pages 570-577,[] 
 []


Overfull \hbox (103.8794pt too wide) in paragraph at lines 421--421
[]  \T1/cmtt/m/n/12 - W.H. Wolberg, W.N. Street, and O.L. Mangasarian. Machine learning techniques[] 
 []


Overfull \hbox (73.01193pt too wide) in paragraph at lines 421--421
[]    \T1/cmtt/m/n/12 to diagnose breast cancer from fine-needle aspirates. Cancer Letters 77[] 
 []



[13]
<Q1_1.png, id=439, 408.3255pt x 328.8285pt>
File: Q1_1.png Graphic file (type png)
<use Q1_1.png>
Package pdftex.def Info: Q1_1.png  used on input line 427.
(pdftex.def)             Requested size: 312.00119pt x 251.26196pt.
<Q1_2.png, id=441, 408.3255pt x 328.8285pt>
File: Q1_2.png Graphic file (type png)
<use Q1_2.png>
Package pdftex.def Info: Q1_2.png  used on input line 433.
(pdftex.def)             Requested size: 312.00119pt x 251.26196pt.


[14]

[15 <./Q1_1.png>]

[16 <./Q1_2.png>]

[17]

[18]
<Q2.png, id=474, 614.295pt x 398.9304pt>
File: Q2.png Graphic file (type png)
<use Q2.png>
Package pdftex.def Info: Q2.png  used on input line 562.
(pdftex.def)             Requested size: 272.99881pt x 177.28911pt.


[19]
Overfull \hbox (3.11345pt too wide) in paragraph at lines 571--572
[]\T1/cmtt/m/n/12 rec.sport.hockey\T1/cmr/m/n/12 : goal, nhl, sea-son, play, play-off, year, player, hockey,
 []

<Q2_1.png, id=482, 464.6961pt x 433.62pt>
File: Q2_1.png Graphic file (type png)
<use Q2_1.png>
Package pdftex.def Info: Q2_1.png  used on input line 581.
(pdftex.def)             Requested size: 272.99881pt x 254.74185pt.


[20 <./Q2.png>]
<Q2_2.png, id=488, 464.6961pt x 433.62pt>
File: Q2_2.png Graphic file (type png)
<use Q2_2.png>
Package pdftex.def Info: Q2_2.png  used on input line 587.
(pdftex.def)             Requested size: 272.99881pt x 254.74185pt.


[21 <./Q2_1.png>]
<Q2_3.png, id=494, 464.6961pt x 433.62pt>
File: Q2_3.png Graphic file (type png)
<use Q2_3.png>
Package pdftex.def Info: Q2_3.png  used on input line 593.
(pdftex.def)             Requested size: 272.99881pt x 254.74185pt.


[22 <./Q2_2.png> <./Q2_3.png>]
Overfull \hbox (4.91322pt too wide) in paragraph at lines 612--613
 []\T1/cmr/bx/n/12 Bernoulli Naive Bayes:[] \T1/cmr/m/n/12 Bernoulli Naive Bayes per-formed the worst among
 []



[23]

[24]

[25]

[26]
Overfull \hbox (23.624pt too wide) in paragraph at lines 815--815
[]    \T1/cmtt/m/n/12 [nltk_data] Downloading package stopwords to /root/nltk_data...[] 
 []



[27]
Overfull \hbox (66.83844pt too wide) in paragraph at lines 815--815
[]\T1/cmtt/m/n/12 would, please, know, anyone, format, program, thanks, graphic, image, file[] 
 []



[28]
Overfull \hbox (17.4505pt too wide) in paragraph at lines 815--815
[]\T1/cmtt/m/n/12 goal, nhl, season, play, playoff, year, player, hockey, team, game[] 
 []


Overfull \hbox (11.27701pt too wide) in paragraph at lines 815--815
[]\T1/cmtt/m/n/12 could, get, like, launch, shuttle, nasa, one, orbit, would, space[] 
 []


Overfull \hbox (35.97098pt too wide) in paragraph at lines 815--815
[]\T1/cmtt/m/n/12 bible, sin, people, christ, would, one, church, jesus, christian, god[] 
 []


Overfull \hbox (97.7059pt too wide) in paragraph at lines 815--815
[]\T1/cmtt/m/n/12 turkish, palestinian, one, muslim, people, jew, israeli, arab, israel, armenian[] 
 []



[29]

[30]
Overfull \hbox (64.1522pt too wide) in paragraph at lines 840--841
[]\T1/cmr/bx/n/12 Standardization: \T1/cmr/m/n/12 All nu-mer-i-cal fea-tures were stan-dard-ized us-ing \T1/cmtt/m/n/12 StandardScaler
 []



[31]

[32]

[33]

[34]

[35]

[36]

[37]

[38]
Overfull \hbox (60.66495pt too wide) in paragraph at lines 1198--1198
[]       \T1/cmtt/m/n/12 marital-status         occupation   relationship   race     sex  \[] 
 []



[39]
Overfull \hbox (42.14447pt too wide) in paragraph at lines 1198--1198
[]\T1/cmtt/m/n/12 0       Never-married       Adm-clerical  Not-in-family  White    Male[] 
 []


Overfull \hbox (42.14447pt too wide) in paragraph at lines 1198--1198
[]\T1/cmtt/m/n/12 1  Married-civ-spouse    Exec-managerial        Husband  White    Male[] 
 []


Overfull \hbox (42.14447pt too wide) in paragraph at lines 1198--1198
[]\T1/cmtt/m/n/12 2            Divorced  Handlers-cleaners  Not-in-family  White    Male[] 
 []


Overfull \hbox (42.14447pt too wide) in paragraph at lines 1198--1198
[]\T1/cmtt/m/n/12 3  Married-civ-spouse  Handlers-cleaners        Husband  Black    Male[] 
 []


Overfull \hbox (42.14447pt too wide) in paragraph at lines 1198--1198
[]\T1/cmtt/m/n/12 4  Married-civ-spouse     Prof-specialty           Wife  Black  Female[] 
 []


Overfull \hbox (23.624pt too wide) in paragraph at lines 1198--1198
[]   \T1/cmtt/m/n/12 capital-gain  capital-loss  hours-per-week native-country income[] 
 []


Overfull \hbox (23.624pt too wide) in paragraph at lines 1198--1198
[]\T1/cmtt/m/n/12 0          2174             0              40  United-States  <=50K[] 
 []


Overfull \hbox (23.624pt too wide) in paragraph at lines 1198--1198
[]\T1/cmtt/m/n/12 1             0             0              13  United-States  <=50K[] 
 []


Overfull \hbox (23.624pt too wide) in paragraph at lines 1198--1198
[]\T1/cmtt/m/n/12 2             0             0              40  United-States  <=50K[] 
 []


Overfull \hbox (23.624pt too wide) in paragraph at lines 1198--1198
[]\T1/cmtt/m/n/12 3             0             0              40  United-States  <=50K[] 
 []


Overfull \hbox (23.624pt too wide) in paragraph at lines 1198--1198
[]\T1/cmtt/m/n/12 4             0             0              40           Cuba  <=50K[] 
 []


Overfull \hbox (85.35892pt too wide) in paragraph at lines 1198--1198
[]\T1/cmtt/m/n/12 <ipython-input-4-7cba1e354a27>:27: FutureWarning: A value is trying to be set[] 
 []


Overfull \hbox (42.14447pt too wide) in paragraph at lines 1198--1198
[]\T1/cmtt/m/n/12 on a copy of a DataFrame or Series through chained assignment using an[] 
 []


Overfull \hbox (66.83844pt too wide) in paragraph at lines 1198--1198
[]\T1/cmtt/m/n/12 inplace method.The behavior will change in pandas 3.0. This inplace method[] 
 []


Overfull \hbox (48.31796pt too wide) in paragraph at lines 1198--1198
[]\T1/cmtt/m/n/12 will never work because the intermediate object on which we are setting[] 
 []



[40]

[41]
<Q3.png, id=845, 326.6604pt x 284.0211pt>
File: Q3.png Graphic file (type png)
<use Q3.png>
Package pdftex.def Info: Q3.png  used on input line 1209.
(pdftex.def)             Requested size: 195.0pt x 169.54721pt.


[42 <./Q3.png>]
<Q3_1.png, id=852, 619.3539pt x 485.6544pt>
File: Q3_1.png Graphic file (type png)
<use Q3_1.png>
Package pdftex.def Info: Q3_1.png  used on input line 1219.
(pdftex.def)             Requested size: 312.00119pt x 244.64958pt.


[43 <./Q3_1.png>]
<Q3_2.png, id=860, 387.3672pt x 339.669pt>
File: Q3_2.png Graphic file (type png)
<use Q3_2.png>
Package pdftex.def Info: Q3_2.png  used on input line 1229.
(pdftex.def)             Requested size: 234.00238pt x 205.19199pt.


[44 <./Q3_2.png>]
<Q3_3.png, id=867, 387.3672pt x 339.669pt>
File: Q3_3.png Graphic file (type png)
<use Q3_3.png>
Package pdftex.def Info: Q3_3.png  used on input line 1239.
(pdftex.def)             Requested size: 234.00238pt x 205.19199pt.


[45 <./Q3_3.png>]

[46]
Overfull \hbox (24.98048pt too wide) in paragraph at lines 1275--1276
[]\T1/cmr/bx/n/12 Ensemble via Bag-ging: \T1/cmr/m/n/12 To im-prove gen-er-al-iza-tion, a \T1/cmtt/m/n/12 BaggingClassifier
 []



[47]
Overfull \hbox (1.28777pt too wide) in paragraph at lines 1334--1335
 []\T1/cmr/bx/n/12 Classification Ac-cu-racy and Met-rics:[] \T1/cmr/m/n/12 The per-for-mance of de-ci-sion trees
 []



[48]

[49]

[50]

[51]

[52]

[53]
<Q4.png, id=1045, 705.3552pt x 339.669pt>
File: Q4.png Graphic file (type png)
<use Q4.png>
Package pdftex.def Info: Q4.png  used on input line 1524.
(pdftex.def)             Requested size: 350.99762pt x 169.02554pt.
<Q4_4.png, id=1046, 505.89pt x 339.669pt>
File: Q4_4.png Graphic file (type png)
<use Q4_4.png>
Package pdftex.def Info: Q4_4.png  used on input line 1530.
(pdftex.def)             Requested size: 350.99762pt x 235.67278pt.


[54 <./Q4.png>]
<Q4_5.png, id=1052, 617.9085pt x 325.9377pt>
File: Q4_5.png Graphic file (type png)
<use Q4_5.png>
Package pdftex.def Info: Q4_5.png  used on input line 1536.
(pdftex.def)             Requested size: 312.00119pt x 164.57484pt.
<Q4_2.png, id=1053, 686.565pt x 364.2408pt>
File: Q4_2.png Graphic file (type png)
<use Q4_2.png>
Package pdftex.def Info: Q4_2.png  used on input line 1543.
(pdftex.def)             Requested size: 390.0pt x 206.90245pt.


[55 <./Q4_4.png> <./Q4_5.png>]
<Q4_3.png, id=1061, 686.565pt x 364.2408pt>
File: Q4_3.png Graphic file (type png)
<use Q4_3.png>
Package pdftex.def Info: Q4_3.png  used on input line 1549.
(pdftex.def)             Requested size: 390.0pt x 206.90245pt.


[56 <./Q4_2.png> <./Q4_3.png>] (A2.aux)
 ***********
LaTeX2e <2024-11-01> patch level 2
L3 programming layer <2025-01-18>
 ***********
Package rerunfilecheck Info: File `A2.out' has not changed.
(rerunfilecheck)             Checksum: BA616E51AD884EB2D1F1BF873D747C1F;5712.
 ) 
Here is how much of TeX's memory you used:
 14181 strings out of 473523
 217409 string characters out of 5715598
 1109566 words of memory out of 5000000
 36620 multiletter control sequences out of 15000+600000
 573052 words of font info for 67 fonts, out of 8000000 for 9000
 1141 hyphenation exceptions out of 8191
 75i,6n,79p,742b,2179s stack positions out of 10000i,1000n,20000p,200000b,200000s
 <C:\Users\MSI\AppData\Local\MiKTeX\fonts/pk/ljfour/jknappen/ec/dpi600\ectt1095.pk> <C:\Users\MSI\AppData\Local\MiKTeX\fonts/pk/ljfour/jknappen/ec/dpi600\ecrm0600.pk> <C:\Users\MSI\AppData\Local\MiKTeX\fonts/pk/ljfour/jknappen/ec/dpi600\ecrm0800.pk> <C:\Users\MSI\AppData\Local\MiKTeX\fonts/pk/ljfour/jknappen/ec/dpi600\ectt1200.pk> <C:\Users\MSI\AppData\Local\MiKTeX\fonts/pk/ljfour/jknappen/ec/dpi600\tcrm1200.pk> <C:\Users\MSI\AppData\Local\MiKTeX\fonts/pk/ljfour/jknappen/ec/dpi600\ecbx1200.pk> <C:\Users\MSI\AppData\Local\MiKTeX\fonts/pk/ljfour/jknappen/ec/dpi600\ecrm1200.pk> <C:\Users\MSI\AppData\Local\MiKTeX\fonts/pk/ljfour/jknappen/ec/dpi600\ecbx1728.pk> <C:\Users\MSI\AppData\Local\MiKTeX\fonts/pk/ljfour/jknappen/ec/dpi600\ecrm1440.pk> <C:\Users\MSI\AppData\Local\MiKTeX\fonts/pk/ljfour/jknappen/ec/dpi600\ecbx1440.pk> <C:\Users\MSI\AppData\Local\MiKTeX\fonts/pk/ljfour/jknappen/ec/dpi600\ecbx2074.pk><C:/Users/MSI/AppData/Local/Programs/MiKTeX/fonts/type1/public/amsfonts/cm/cmmi8.pfb><C:/Users/MSI/AppData/Local/Programs/MiKTeX/fonts/type1/public/amsfonts/cm/cmr12.pfb><C:/Users/MSI/AppData/Local/Programs/MiKTeX/fonts/type1/public/amsfonts/cm/cmr8.pfb><C:/Users/MSI/AppData/Local/Programs/MiKTeX/fonts/type1/public/amsfonts/cm/cmsy10.pfb><C:/Users/MSI/AppData/Local/Programs/MiKTeX/fonts/type1/public/amsfonts/cm/cmsy8.pfb>
Output written on A2.pdf (56 pages, 979448 bytes).
PDF statistics:
 1712 PDF objects out of 1728 (max. 8388607)
 647 named destinations out of 1000 (max. 500000)
 428 words of extra memory for PDF output out of 10000 (max. 10000000)

